<?xml version="1.0" encoding="UTF-8"?>
<testsuite xmlns:xsi="http://www.w3.org/2001/XMLSchema-instance" xsi:noNamespaceSchemaLocation="https://maven.apache.org/surefire/maven-surefire-plugin/xsd/surefire-test-report-3.0.xsd" version="3.0" name="exercise5_tdd.LifecycleTest" time="0.073" tests="1" errors="0" skipped="0" failures="0">
  <properties>
[...]
</properties>
  <testcase name="testListElementAddition" classname="exercise5_tdd.LifecycleTest" time="0.031">
    <system-out><![CDATA[[SETUP] Fresh test fixture initialized.
[RUNNING TEST] Executing testListElementAddition...
[TEARDOWN] Test fixture resource cleared safely.

]]></system-out>
  </testcase>
</testsuite>